INFO - Fasta with multiple sequences - 2024-07-18 11:02:55
INFO - Rate4site command : - 2024-07-18 11:02:55
INFO - rate4site  -s split_1.fasta -o result/output0.grade -x result/output0.ph - 2024-07-18 11:02:55
INFO - Rate4site command : - 2024-07-18 11:02:55
INFO - rate4site  -s split_2.fasta -o result/output1.grade -x result/output1.ph - 2024-07-18 11:02:55
INFO - Fasta with multiple sequences - 2024-07-18 11:03:08
INFO - Rate4site command : - 2024-07-18 11:03:10
INFO - /home/demonz/programmation/stage/script_msa_tools/tools/bin/rate4site  -s split_1.fasta -o result/output0.grade -x result/output0.ph - 2024-07-18 11:03:10
INFO - Rate4site command : - 2024-07-18 11:03:13
INFO - /home/demonz/programmation/stage/script_msa_tools/tools/bin/rate4site  -s split_2.fasta -o result/output1.grade -x result/output1.ph - 2024-07-18 11:03:13
INFO - Fasta with multiple sequences - 2024-07-18 11:05:50
INFO - Rate4site command : - 2024-07-18 11:05:52
INFO - /home/demonz/programmation/stage/script_msa_tools/tools/bin/rate4site  -s split_1.fasta -o result/output0.grade -x result/output0.ph - 2024-07-18 11:05:52
INFO - Rate4site command : - 2024-07-18 11:05:55
INFO - /home/demonz/programmation/stage/script_msa_tools/tools/bin/rate4site  -s split_2.fasta -o result/output1.grade -x result/output1.ph - 2024-07-18 11:05:55
2024-07-18 11:08:52INFO - Fasta with multiple sequences
2024-07-18 11:08:54INFO - Rate4site command :
2024-07-18 11:08:54INFO - /home/demonz/programmation/stage/script_msa_tools/tools/bin/rate4site  -s split_1.fasta -o result/output0.grade -x result/output0.ph
2024-07-18 11:08:58INFO - Rate4site command :
2024-07-18 11:08:58INFO - /home/demonz/programmation/stage/script_msa_tools/tools/bin/rate4site  -s split_2.fasta -o result/output1.grade -x result/output1.ph
[2024-07-18 11:09:44] - INFO - Fasta with multiple sequences
[2024-07-18 11:09:46] - INFO - Rate4site command :
[2024-07-18 11:09:46] - INFO - /home/demonz/programmation/stage/script_msa_tools/tools/bin/rate4site  -s split_1.fasta -o result/output0.grade -x result/output0.ph
[2024-07-18 11:09:50] - INFO - Rate4site command :
[2024-07-18 11:09:50] - INFO - /home/demonz/programmation/stage/script_msa_tools/tools/bin/rate4site  -s split_2.fasta -o result/output1.grade -x result/output1.ph
[2024-07-18 11:21:39] - INFO - Fasta with multiple sequences
[2024-07-18 11:21:41] - INFO - Rate4site command :
[2024-07-18 11:21:41] - INFO - /home/demonz/programmation/stage/script_msa_tools/tools/bin/rate4site  -s split_1.fasta -o result/output0.grade -x result/output0.ph
[2024-07-18 11:21:44] - INFO - Rate4site command :
[2024-07-18 11:21:44] - INFO - /home/demonz/programmation/stage/script_msa_tools/tools/bin/rate4site  -s split_2.fasta -o result/output1.grade -x result/output1.ph
[2024-07-18 11:27:12] - INFO - Fasta with multiple sequences
[2024-07-18 11:27:14] - INFO - Rate4site command :
[2024-07-18 11:27:14] - INFO - /home/demonz/programmation/stage/script_msa_tools/tools/bin/rate4site  -s split_1.fasta -o result/output0.grade -x result/output0.ph
[2024-07-18 11:27:18] - INFO - Rate4site command :
[2024-07-18 11:27:18] - INFO - /home/demonz/programmation/stage/script_msa_tools/tools/bin/rate4site  -s split_2.fasta -o result/output1.grade -x result/output1.ph
[2024-07-18 11:33:42] - INFO - Fasta with multiple sequences
[2024-07-18 11:33:42] - INFO - Rate4site command :
[2024-07-18 11:33:42] - INFO - /home/demonz/programmation/stage/script_msa_tools/tools/bin/rate4site  -s split_1.fasta -o result/output0.grade -x result/output0.ph
[2024-07-18 11:33:44] - INFO - Rate4site command :
[2024-07-18 11:33:44] - INFO - /home/demonz/programmation/stage/script_msa_tools/tools/bin/rate4site  -s split_2.fasta -o result/output1.grade -x result/output1.ph
[2024-07-18 11:35:55] - INFO - Fasta with multiple sequences
[2024-07-18 11:35:55] - INFO - Rate4site command :
[2024-07-18 11:35:55] - INFO - /home/demonz/programmation/stage/script_msa_tools/tools/bin/rate4site  -s split_1.fasta -o result/output0.grade -x result/output0.ph
[2024-07-18 11:35:57] - INFO - Rate4site command :
[2024-07-18 11:35:57] - INFO - /home/demonz/programmation/stage/script_msa_tools/tools/bin/rate4site  -s split_2.fasta -o result/output1.grade -x result/output1.ph
[2024-07-18 16:15:45] - INFO - Fasta with multiple sequences
[2024-07-18 16:17:23] - INFO - Fasta with multiple sequences
[2024-07-18 16:18:55] - INFO - Fasta with multiple sequences
[2024-07-18 16:20:18] - INFO - Fasta with multiple sequences
[2024-07-18 16:20:58] - INFO - Fasta with multiple sequences
[2024-07-18 16:24:29] - INFO - Fasta with multiple sequences
[2024-07-18 16:25:25] - INFO - Fasta with multiple sequences
[2024-07-18 16:25:45] - INFO - Fasta with multiple sequences
[2024-07-18 16:39:09] - INFO - Fasta with multiple sequences
[2024-07-18 16:39:43] - INFO - Fasta with multiple sequences
[2024-07-18 16:42:15] - INFO - Fasta with multiple sequences
[2024-07-18 16:43:10] - INFO - Fasta with multiple sequences
[2024-07-18 16:44:55] - INFO - Fasta with multiple sequences
[2024-07-18 16:50:38] - INFO - Fasta with multiple sequences
[2024-07-18 16:53:05] - INFO - Fasta with multiple sequences
[2024-07-19 09:22:42] - INFO - Fasta with multiple sequences
[2024-07-19 09:40:52] - INFO - Fasta with multiple sequences
[2024-07-19 09:41:41] - INFO - Fasta with multiple sequences
[2024-07-19 09:42:45] - INFO - Fasta with multiple sequences
[2024-07-19 10:04:24] - INFO - Fasta with multiple sequences
[2024-07-19 10:06:51] - INFO - Fasta with multiple sequences
[2024-07-19 10:09:30] - INFO - Fasta with multiple sequences
[2024-07-19 10:10:22] - INFO - Fasta with multiple sequences
[2024-07-19 10:18:52] - INFO - Fasta with multiple sequences
[2024-07-19 10:20:15] - INFO - Fasta with multiple sequences
[2024-07-19 10:20:48] - INFO - Fasta with multiple sequences
[2024-07-19 10:21:07] - INFO - Fasta with multiple sequences
[2024-07-19 10:21:34] - INFO - Fasta with multiple sequences
[2024-07-19 10:22:53] - INFO - Fasta with multiple sequences
[2024-07-19 10:32:55] - INFO - Fasta with multiple sequences
[2024-07-19 10:33:49] - INFO - Fasta with multiple sequences
[2024-07-19 10:34:52] - INFO - Fasta with multiple sequences
[2024-07-19 10:36:16] - INFO - Fasta with multiple sequences
[2024-07-19 10:37:02] - INFO - Fasta with multiple sequences
[2024-07-19 10:38:21] - INFO - Fasta with multiple sequences
[2024-07-19 10:38:35] - INFO - Fasta with multiple sequences
[2024-07-19 10:39:51] - INFO - Fasta with multiple sequences
[2024-07-19 10:40:22] - INFO - Fasta with multiple sequences
[2024-07-19 10:41:02] - INFO - Fasta with multiple sequences
[2024-07-19 10:42:48] - INFO - Fasta with multiple sequences
[2024-07-19 10:45:14] - INFO - Fasta with multiple sequences
[2024-07-19 11:31:17] - INFO - Fasta with multiple sequences
[2024-07-19 11:31:48] - INFO - Fasta with multiple sequences
[2024-07-19 11:32:32] - INFO - Fasta with multiple sequences
[2024-07-19 11:33:53] - INFO - Fasta with multiple sequences
[2024-07-19 11:34:02] - INFO - Fasta with multiple sequences
[2024-07-19 11:34:54] - INFO - Fasta with multiple sequences
[2024-07-19 11:35:52] - INFO - Fasta with multiple sequences
[2024-07-19 11:36:08] - INFO - Fasta with multiple sequences
[2024-07-19 11:36:08] - INFO - Rate4site command :
[2024-07-19 11:36:08] - INFO - /home/demonz/programmation/stage/script_msa_tools/tools/bin/rate4site  -s split_1.fasta -o output0.grade -x output0.ph
[2024-07-19 11:37:54] - INFO - Fasta with multiple sequences
[2024-07-19 11:37:54] - INFO - Rate4site command :
[2024-07-19 11:37:54] - INFO - /home/demonz/programmation/stage/script_msa_tools/tools/bin/rate4site  -s split_1.fasta -o output0.grade -x output0.ph
[2024-07-19 11:38:50] - INFO - Fasta with multiple sequences
[2024-07-19 11:38:50] - INFO - Rate4site command :
[2024-07-19 11:38:50] - INFO - /home/demonz/programmation/stage/script_msa_tools/tools/bin/rate4site  -s split_1.fasta -o output0.grade -x output0.ph
[2024-07-19 11:39:34] - INFO - Fasta with multiple sequences
[2024-07-19 11:42:34] - INFO - Fasta with multiple sequences
[2024-07-19 11:42:34] - INFO - Rate4site command :
[2024-07-19 11:42:34] - INFO - /home/demonz/programmation/stage/script_msa_tools/tools/bin/rate4site  -s split_1.fasta -o output0.grade -x output0.ph
[2024-07-19 11:44:45] - INFO - Fasta with multiple sequences
[2024-07-19 11:45:18] - INFO - Fasta with multiple sequences
[2024-07-19 11:47:19] - INFO - Fasta with multiple sequences
[2024-07-19 11:48:52] - INFO - Fasta with multiple sequences
[2024-07-19 11:51:33] - INFO - Fasta with multiple sequences
[2024-07-19 11:52:15] - INFO - Fasta with multiple sequences
[2024-07-19 11:53:43] - INFO - Fasta with multiple sequences
[2024-07-19 11:53:57] - INFO - Fasta with multiple sequences
[2024-07-19 11:53:58] - INFO - Rate4site command :
[2024-07-19 11:53:58] - INFO - /home/demonz/programmation/stage/script_msa_tools/tools/bin/rate4site  -s split_1.fasta -o output0.grade -x output0.ph
[2024-07-19 11:54:02] - INFO - Rate4site command :
[2024-07-19 11:54:02] - INFO - /home/demonz/programmation/stage/script_msa_tools/tools/bin/rate4site  -s split_2.fasta -o output1.grade -x output1.ph
[2024-07-19 12:07:11] - INFO - Fasta with multiple sequences
[2024-07-19 12:07:12] - INFO - Rate4site command :
[2024-07-19 12:07:12] - INFO - /home/demonz/programmation/stage/script_msa_tools/tools/bin/rate4site  -s split_1.fasta -o output0.grade -x output0.ph
[2024-07-19 12:07:14] - INFO - Rate4site command :
[2024-07-19 12:07:14] - INFO - /home/demonz/programmation/stage/script_msa_tools/tools/bin/rate4site  -s split_2.fasta -o output1.grade -x output1.ph
[2024-07-19 12:26:54] - INFO - Fasta with multiple sequences
[2024-07-19 12:26:55] - INFO - Rate4site command :
[2024-07-19 12:26:55] - INFO - /home/demonz/programmation/stage/script_msa_tools/tools/bin/rate4site  -s split_1.fasta -o output0.grade -x output0.ph
[2024-07-19 12:26:57] - INFO - Rate4site command :
[2024-07-19 12:26:57] - INFO - /home/demonz/programmation/stage/script_msa_tools/tools/bin/rate4site  -s split_2.fasta -o output1.grade -x output1.ph
[2024-07-19 12:27:06] - INFO - Fasta with multiple sequences
[2024-07-19 12:27:06] - INFO - Rate4site command :
[2024-07-19 12:27:06] - INFO - /home/demonz/programmation/stage/script_msa_tools/tools/bin/rate4site  -s split_1.fasta -o output0.grade -x output0.ph
[2024-07-19 12:27:08] - INFO - Rate4site command :
[2024-07-19 12:27:08] - INFO - /home/demonz/programmation/stage/script_msa_tools/tools/bin/rate4site  -s split_2.fasta -o output1.grade -x output1.ph
[2024-07-19 12:27:25] - INFO - Fasta with multiple sequences
[2024-07-19 12:27:26] - INFO - Rate4site command :
[2024-07-19 12:27:26] - INFO - /home/demonz/programmation/stage/script_msa_tools/tools/bin/rate4site  -s split_1.fasta -o output0.grade -x output0.ph
[2024-07-19 12:27:28] - INFO - Rate4site command :
[2024-07-19 12:27:28] - INFO - /home/demonz/programmation/stage/script_msa_tools/tools/bin/rate4site  -s split_2.fasta -o output1.grade -x output1.ph
[2024-07-19 12:27:44] - INFO - Fasta with multiple sequences
[2024-07-19 12:27:44] - INFO - Rate4site command :
[2024-07-19 12:27:44] - INFO - /home/demonz/programmation/stage/script_msa_tools/tools/bin/rate4site  -s split_1.fasta -o output0.grade -x output0.ph
[2024-07-19 12:27:46] - INFO - Rate4site command :
[2024-07-19 12:27:46] - INFO - /home/demonz/programmation/stage/script_msa_tools/tools/bin/rate4site  -s split_2.fasta -o output1.grade -x output1.ph
[2024-07-19 12:28:18] - INFO - Fasta with multiple sequences
[2024-07-19 12:28:18] - INFO - Rate4site command :
[2024-07-19 12:28:18] - INFO - /home/demonz/programmation/stage/script_msa_tools/tools/bin/rate4site  -s split_1.fasta -o output0.grade -x output0.ph
[2024-07-19 12:28:22] - INFO - Rate4site command :
[2024-07-19 12:28:22] - INFO - /home/demonz/programmation/stage/script_msa_tools/tools/bin/rate4site  -s split_2.fasta -o output1.grade -x output1.ph
[2024-07-19 12:28:49] - INFO - Fasta with multiple sequences
[2024-07-19 12:29:19] - INFO - Fasta with multiple sequences
[2024-07-19 12:29:19] - INFO - Rate4site command :
[2024-07-19 12:29:19] - INFO - /home/demonz/programmation/stage/script_msa_tools/tools/bin/rate4site  -s split_1.fasta -o output0.grade -x output0.ph
[2024-07-19 12:29:23] - INFO - Rate4site command :
[2024-07-19 12:29:23] - INFO - /home/demonz/programmation/stage/script_msa_tools/tools/bin/rate4site  -s split_2.fasta -o output1.grade -x output1.ph
[2024-07-19 12:29:35] - INFO - Fasta with multiple sequences
[2024-07-19 12:29:35] - INFO - Rate4site command :
[2024-07-19 12:29:35] - INFO - /home/demonz/programmation/stage/script_msa_tools/tools/bin/rate4site  -s split_1.fasta -o output0.grade -x output0.ph
[2024-07-19 12:29:39] - INFO - Rate4site command :
[2024-07-19 12:29:39] - INFO - /home/demonz/programmation/stage/script_msa_tools/tools/bin/rate4site  -s split_2.fasta -o output1.grade -x output1.ph
[2024-07-19 12:29:55] - INFO - Fasta with multiple sequences
[2024-07-19 12:29:56] - INFO - Rate4site command :
[2024-07-19 12:29:56] - INFO - /home/demonz/programmation/stage/script_msa_tools/tools/bin/rate4site  -s split_1.fasta -o output0.grade -x output0.ph
[2024-07-19 12:30:44] - INFO - Fasta with multiple sequences
[2024-07-19 12:30:44] - INFO - Rate4site command :
[2024-07-19 12:30:44] - INFO - /home/demonz/programmation/stage/script_msa_tools/tools/bin/rate4site  -s split_1.fasta -o output0.grade -x output0.ph
[2024-07-19 12:30:48] - INFO - Rate4site command :
[2024-07-19 12:30:48] - INFO - /home/demonz/programmation/stage/script_msa_tools/tools/bin/rate4site  -s split_2.fasta -o output1.grade -x output1.ph
[2024-07-19 12:31:05] - INFO - Fasta with multiple sequences
[2024-07-19 12:31:05] - INFO - Rate4site command :
[2024-07-19 12:31:05] - INFO - /home/demonz/programmation/stage/script_msa_tools/tools/bin/rate4site  -s split_1.fasta -o output0.grade -x output0.ph
[2024-07-19 14:15:21] - INFO - Fasta with multiple sequences
[2024-07-19 14:15:21] - INFO - Rate4site command :
[2024-07-19 14:15:21] - INFO - /home/demonz/programmation/stage/script_msa_tools/tools/bin/rate4site  -s split_1.fasta -o output0.grade -x output0.ph
[2024-07-19 14:15:25] - INFO - Rate4site command :
[2024-07-19 14:15:25] - INFO - /home/demonz/programmation/stage/script_msa_tools/tools/bin/rate4site  -s split_2.fasta -o output1.grade -x output1.ph
[2024-07-19 14:15:29] - INFO - Fasta with multiple sequences
[2024-07-19 14:15:29] - INFO - Rate4site command :
[2024-07-19 14:15:29] - INFO - /home/demonz/programmation/stage/script_msa_tools/tools/bin/rate4site  -s split_1.fasta -o output0.grade -x output0.ph
[2024-07-19 14:15:31] - INFO - Rate4site command :
[2024-07-19 14:15:31] - INFO - /home/demonz/programmation/stage/script_msa_tools/tools/bin/rate4site  -s split_2.fasta -o output1.grade -x output1.ph
[2024-07-19 14:30:10] - INFO - Fasta with multiple sequences
[2024-07-19 14:30:10] - INFO - Rate4site command :
[2024-07-19 14:30:10] - INFO - /home/demonz/programmation/stage/script_msa_tools/tools/bin/rate4site  -s split_1.fasta -o output0.grade -x output0.ph
[2024-07-19 14:30:22] - INFO - Fasta with multiple sequences
[2024-07-19 14:30:22] - INFO - Rate4site command :
[2024-07-19 14:30:22] - INFO - /home/demonz/programmation/stage/script_msa_tools/tools/bin/rate4site  -s split_1.fasta -o output0.grade -x output0.ph
